0 info it worked if it ends with ok
1 verbose cli [ '/home/ubuntu/.nvm/versions/node/v4.6.1/bin/node',
1 verbose cli   '/home/ubuntu/.nvm/versions/node/v4.6.1/bin/npm',
1 verbose cli   'publish' ]
2 info using npm@2.15.9
3 info using node@v4.6.1
4 verbose publish [ '.' ]
5 silly cache add args [ '.', null ]
6 verbose cache add spec .
7 silly cache add parsed spec Result {
7 silly cache add   raw: '.',
7 silly cache add   scope: null,
7 silly cache add   name: null,
7 silly cache add   rawSpec: '.',
7 silly cache add   spec: '/home/ubuntu/workspace/liquicode_membership.git',
7 silly cache add   type: 'directory' }
8 verbose addLocalDirectory /home/ubuntu/.npm/liquicode_membership/0.0.3/package.tgz not in flight; packing
9 verbose correctMkdir /home/ubuntu/.npm correctMkdir not in flight; initializing
10 verbose tar pack [ '/home/ubuntu/.npm/liquicode_membership/0.0.3/package.tgz',
10 verbose tar pack   '/home/ubuntu/workspace/liquicode_membership.git' ]
11 verbose tarball /home/ubuntu/.npm/liquicode_membership/0.0.3/package.tgz
12 verbose folder /home/ubuntu/workspace/liquicode_membership.git
13 info prepublish liquicode_membership@0.0.3
14 verbose addLocalTarball adding from inside cache /home/ubuntu/.npm/liquicode_membership/0.0.3/package.tgz
15 verbose correctMkdir /home/ubuntu/.npm correctMkdir not in flight; initializing
16 silly cache afterAdd liquicode_membership@0.0.3
17 verbose afterAdd /home/ubuntu/.npm/liquicode_membership/0.0.3/package/package.json not in flight; writing
18 verbose correctMkdir /home/ubuntu/.npm correctMkdir not in flight; initializing
19 verbose afterAdd /home/ubuntu/.npm/liquicode_membership/0.0.3/package/package.json written
20 silly publish { name: 'liquicode_membership',
20 silly publish   version: '0.0.3',
20 silly publish   homepage: 'https://github.com/agbowlin/liquicode_membership',
20 silly publish   description: 'A NodeJS library providing rudimentary membership services (e.g. Signup, Login, GetData, PutData).',
20 silly publish   authors:
20 silly publish    [ { name: 'Andre G. Bowlin',
20 silly publish        email: 'agbowlin@gmail.com',
20 silly publish        homepage: 'http://liquicode.com' } ],
20 silly publish   private: true,
20 silly publish   repository:
20 silly publish    { type: 'git',
20 silly publish      url: 'git://github.com/agbowlin/liquicode_membership.git' },
20 silly publish   license: 'MIT',
20 silly publish   keywords: [ 'nodejs', 'socket.io', 'angularjs' ],
20 silly publish   files:
20 silly publish    [ 'package.json',
20 silly publish      'bower.json',
20 silly publish      'LICENSE',
20 silly publish      'VERSION',
20 silly publish      'README.md',
20 silly publish      'Membership.js',
20 silly publish      'MembershipClient.js' ],
20 silly publish   ignore: [ '.*', 'bower_components', 'node_modules', 'build', 'out', 'test' ],
20 silly publish   dependencies: { 'socket.io': '' },
20 silly publish   devDependencies: {},
20 silly publish   readme: '\nliquicode_membership\n==========================================\n\nA NodeJS library providing rudimentary membership services (e.g. Signup, Login, GetData, PutData).\n\n\n',
20 silly publish   readmeFilename: 'README.md',
20 silly publish   gitHead: 'e7f5c01a6cbe709e17b3d2d304fa35fcaa903d20',
20 silly publish   bugs: { url: 'https://github.com/agbowlin/liquicode_membership/issues' },
20 silly publish   _id: 'liquicode_membership@0.0.3',
20 silly publish   scripts: {},
20 silly publish   _shasum: '31dc4c3413a7aaaaec471be42ff463daa1317ea4',
20 silly publish   _from: '.' }
21 verbose getPublishConfig undefined
22 verbose stack Error: This package has been marked as private
22 verbose stack Remove the 'private' field from the package.json to publish it.
22 verbose stack     at publish_ (/home/ubuntu/.nvm/versions/node/v4.6.1/lib/node_modules/npm/lib/publish.js:98:5)
22 verbose stack     at Array.<anonymous> (/home/ubuntu/.nvm/versions/node/v4.6.1/lib/node_modules/npm/node_modules/slide/lib/bind-actor.js:15:8)
22 verbose stack     at LOOP (/home/ubuntu/.nvm/versions/node/v4.6.1/lib/node_modules/npm/node_modules/slide/lib/chain.js:15:14)
22 verbose stack     at LOOP (/home/ubuntu/.nvm/versions/node/v4.6.1/lib/node_modules/npm/node_modules/slide/lib/chain.js:14:28)
22 verbose stack     at chain (/home/ubuntu/.nvm/versions/node/v4.6.1/lib/node_modules/npm/node_modules/slide/lib/chain.js:20:5)
22 verbose stack     at /home/ubuntu/.nvm/versions/node/v4.6.1/lib/node_modules/npm/lib/publish.js:73:5
22 verbose stack     at RES (/home/ubuntu/.nvm/versions/node/v4.6.1/lib/node_modules/npm/node_modules/inflight/inflight.js:23:14)
22 verbose stack     at f (/home/ubuntu/.nvm/versions/node/v4.6.1/lib/node_modules/npm/node_modules/once/once.js:17:25)
22 verbose stack     at /home/ubuntu/.nvm/versions/node/v4.6.1/lib/node_modules/npm/lib/cache.js:351:14
22 verbose stack     at /home/ubuntu/.nvm/versions/node/v4.6.1/lib/node_modules/npm/node_modules/write-file-atomic/index.js:29:9
23 verbose cwd /home/ubuntu/workspace/liquicode_membership.git
24 error Linux 4.9.17-c9
25 error argv "/home/ubuntu/.nvm/versions/node/v4.6.1/bin/node" "/home/ubuntu/.nvm/versions/node/v4.6.1/bin/npm" "publish"
26 error node v4.6.1
27 error npm  v2.15.9
28 error This package has been marked as private
28 error Remove the 'private' field from the package.json to publish it.
29 error If you need help, you may report this error at:
29 error     <https://github.com/npm/npm/issues>
30 verbose exit [ 1, true ]
